<?xml version="1.0" encoding="UTF-8"?>
<!-- Generated by org.testng.reporters.JUnitReportReporter -->
<testsuite hostname="TRACKMAN-6aYi2c" failures="0" tests="1" name="com.amazon.test.AmazonWebTest" time="25.234" errors="0" timestamp="2022-10-23T11:26:00 CEST" skipped="0">
  <testcase classname="com.amazon.test.AmazonWebTest" name="TestItemAboutSection" time="25.234"/>
  <system-out/>
</testsuite> <!-- com.amazon.test.AmazonWebTest -->
